timestamp: 2014-03-20T16:40:10.064931
CREATE TABLE empresa(
    id SERIAL PRIMARY KEY,
    nome VARCHAR(512)
);
success!
timestamp: 2014-03-20T16:40:10.176036
CREATE TABLE auth_user(
    id SERIAL PRIMARY KEY,
    first_name VARCHAR(128),
    last_name VARCHAR(128),
    email VARCHAR(512),
    username VARCHAR(128),
    password VARCHAR(512),
    registration_key VARCHAR(512),
    reset_password_key VARCHAR(512),
    registration_id VARCHAR(512),
    funcao VARCHAR(512),
    id_empresa INTEGER REFERENCES empresa (id) ON DELETE CASCADE
);
success!
timestamp: 2014-03-20T16:40:10.304350
CREATE TABLE auth_group(
    id SERIAL PRIMARY KEY,
    role VARCHAR(512),
    description TEXT
);
success!
timestamp: 2014-03-20T16:40:10.403283
CREATE TABLE auth_membership(
    id SERIAL PRIMARY KEY,
    user_id INTEGER REFERENCES auth_user (id) ON DELETE CASCADE,
    group_id INTEGER REFERENCES auth_group (id) ON DELETE CASCADE
);
success!
timestamp: 2014-03-20T16:40:10.479469
CREATE TABLE auth_permission(
    id SERIAL PRIMARY KEY,
    group_id INTEGER REFERENCES auth_group (id) ON DELETE CASCADE,
    name VARCHAR(512),
    table_name VARCHAR(512),
    record_id INTEGER
);
success!
timestamp: 2014-03-20T16:40:10.595464
CREATE TABLE auth_event(
    id SERIAL PRIMARY KEY,
    time_stamp TIMESTAMP,
    client_ip VARCHAR(512),
    user_id INTEGER REFERENCES auth_user (id) ON DELETE CASCADE,
    origin VARCHAR(512),
    description TEXT
);
success!
timestamp: 2014-03-20T16:40:10.719686
CREATE TABLE auth_cas(
    id SERIAL PRIMARY KEY,
    user_id INTEGER REFERENCES auth_user (id) ON DELETE CASCADE,
    created_on TIMESTAMP,
    service VARCHAR(512),
    ticket VARCHAR(512),
    renew CHAR(1)
);
success!
timestamp: 2014-03-20T16:40:10.840487
CREATE TABLE status(
    id SERIAL PRIMARY KEY,
    status VARCHAR(512)
);
success!
timestamp: 2014-03-20T16:40:10.950916
CREATE TABLE estados(
    id SERIAL PRIMARY KEY,
    sigla VARCHAR(512),
    nome VARCHAR(512)
);
success!
timestamp: 2014-03-20T16:40:11.054519
CREATE TABLE emprestimo(
    id SERIAL PRIMARY KEY,
    data_emp DATE,
    nome VARCHAR(60),
    cpf VARCHAR(60),
    telefone VARCHAR(30),
    estado INTEGER REFERENCES estados (id) ON DELETE CASCADE,
    cidade VARCHAR(512),
    valor_parcela FLOAT8,
    valor_total FLOAT8,
    orgao VARCHAR(512),
    operacao VARCHAR(512),
    vendedora VARCHAR(512),
    n_parcelas INTEGER,
    id_empresa INTEGER REFERENCES empresa (id) ON DELETE CASCADE,
    banco VARCHAR(512),
    contrato VARCHAR(512)
);
success!
timestamp: 2014-03-20T16:40:11.160783
CREATE TABLE situacao(
    id SERIAL PRIMARY KEY,
    data_sit DATE,
    obs TEXT,
    id_emprestimo INTEGER REFERENCES emprestimo (id) ON DELETE CASCADE,
    id_status INTEGER REFERENCES status (id) ON DELETE CASCADE
);
success!
timestamp: 2014-03-24T08:29:35.251142
ALTER TABLE emprestimo ADD adesao VARCHAR(512);
timestamp: 2014-03-25T08:27:05.787723
ALTER TABLE auth_user ADD lembrete VARCHAR(512);
timestamp: 2014-03-25T08:27:35.152288
ALTER TABLE auth_user ADD lembrete__tmp TEXT;
UPDATE auth_user SET lembrete__tmp=lembrete;
ALTER TABLE auth_user DROP COLUMN lembrete;
ALTER TABLE auth_user ADD lembrete TEXT;
UPDATE auth_user SET lembrete=lembrete__tmp;
ALTER TABLE auth_user DROP COLUMN lembrete__tmp;
timestamp: 2014-03-25T12:12:27.597363
ALTER TABLE emprestimo ADD data_emp__tmp TIMESTAMP;
UPDATE emprestimo SET data_emp__tmp=data_emp;
ALTER TABLE emprestimo DROP COLUMN data_emp;
ALTER TABLE emprestimo ADD data_emp TIMESTAMP;
UPDATE emprestimo SET data_emp=data_emp__tmp;
ALTER TABLE emprestimo DROP COLUMN data_emp__tmp;
